<?xml version="1.0" encoding="UTF-8"?>
<testsuite xmlns:xsi="http://www.w3.org/2001/XMLSchema-instance" xsi:noNamespaceSchemaLocation="https://maven.apache.org/surefire/maven-surefire-plugin/xsd/surefire-test-report-3.0.xsd" version="3.0" name="pl.edu.agh.kis.pz1.MainTest" time="0.147" tests="2" errors="0" skipped="0" failures="0">
  <properties>
[...]
</properties>
  <testcase name="testGetInfo" classname="pl.edu.agh.kis.pz1.MainTest" time="0.055">
    <system-out><![CDATA[Enter maximum number of people inside: 
Enter number of writers: 
Enter number of readers: 

]]></system-out>
  </testcase>
  <testcase name="testRunThreads" classname="pl.edu.agh.kis.pz1.MainTest" time="0.03">
    <system-out><![CDATA[Enter maximum number of people inside: 
Enter number of writers: 
Enter number of readers: 

Writer 0 chce pisać
---------------------------
Currently in queue: 
Writer 0, 
[Thread[surefire-forkedjvm-command-thread,5,main], Thread[Reader3,5,main], Thread[Writer2,5,main], Thread[Signal Dispatcher,9,system], Thread[Reference Handler,10,system], Thread[Writer1,5,main], Thread[Finalizer,8,system], Thread[Reader1,5,main], Thread[Writer0,5,main], Thread[Notification Thread,9,system], Thread[Attach Listener,5,system], Thread[Common-Cleaner,8,InnocuousThreadGroup], Thread[Reader0,5,main], Thread[surefire-forkedjvm-stream-flusher,5,main], Thread[main,5,main], Thread[Reader2,5,main]]
surefire-forkedjvm-command-thread
Reader3
Writer2
Signal Dispatcher
Reference Handler
Writer1
Finalizer
Reader1
Writer0
Notification Thread
Attach Listener
Common-Cleaner
Reader0
surefire-forkedjvm-stream-flusher
main
Reader2
]]></system-out>
  </testcase>
</testsuite>